Using pre-set license
Built from '2020.3/staging' branch; Version is '2020.3.19f1 (68f137dc9bbe) revision 6877495'; Using compiler version '192528614'; Build Type 'Release'
OS: 'Windows 10 Home; OS build 19042.1237; Version 2009; 64bit' Language: 'en' Physical Memory: 16285 MB
BatchMode: 1, IsHumanControllingUs: 0, StartBugReporterOnCrash: 0, Is64bit: 1, IsPro: 0

COMMAND LINE ARGUMENTS:
C:\Program Files\Unity\Hub\Editor\2020.3.19f1\Editor\Unity.exe
-adb2
-batchMode
-noUpm
-name
AssetImportWorker0
-projectPath
C:/Users/jadab/Documents/Unity/LEGO Microgame
-logFile
Logs/AssetImportWorker0.log
-srvPort
60434
Successfully changed project path to: C:/Users/jadab/Documents/Unity/LEGO Microgame
C:/Users/jadab/Documents/Unity/LEGO Microgame
Using Asset Import Pipeline V2.
Refreshing native plugins compatible for Editor in 54.75 ms, found 2 plugins.
Preloading 0 native plugins for Editor in 0.00 ms.
Initialize engine version: 2020.3.19f1 (68f137dc9bbe)
[Subsystems] Discovering subsystems at path C:/Program Files/Unity/Hub/Editor/2020.3.19f1/Editor/Data/Resources/UnitySubsystems
[Subsystems] Discovering subsystems at path C:/Users/jadab/Documents/Unity/LEGO Microgame/Assets
GfxDevice: creating device client; threaded=0
Direct3D:
    Version:  Direct3D 11.0 [level 11.1]
    Renderer: NVIDIA GeForce GTX 1070 (ID=0x1b81)
    Vendor:   
    VRAM:     8088 MB
    Driver:   27.21.14.5751
Initialize mono
Mono path[0] = 'C:/Program Files/Unity/Hub/Editor/2020.3.19f1/Editor/Data/Managed'
Mono path[1] = 'C:/Program Files/Unity/Hub/Editor/2020.3.19f1/Editor/Data/MonoBleedingEdge/lib/mono/unityjit'
Mono config path = 'C:/Program Files/Unity/Hub/Editor/2020.3.19f1/Editor/Data/MonoBleedingEdge/etc'
Using monoOptions --debugger-agent=transport=dt_socket,embedding=1,server=y,suspend=n,address=127.0.0.1:56596
Begin MonoManager ReloadAssembly
Registering precompiled unity dll's ...
Register platform support module: C:/Program Files/Unity/Hub/Editor/2020.3.19f1/Editor/Data/PlaybackEngines/WindowsStandaloneSupport/UnityEditor.WindowsStandalone.Extensions.dll
Registered in 0.002332 seconds.
Native extension for WindowsStandalone target not found
Refreshing native plugins compatible for Editor in 69.29 ms, found 2 plugins.
Preloading 0 native plugins for Editor in 0.00 ms.
Mono: successfully reloaded assembly
- Completed reload, in  1.159 seconds
Domain Reload Profiling:
	ReloadAssembly (1159ms)
		BeginReloadAssembly (56ms)
			ExecutionOrderSort (0ms)
			DisableScriptedObjects (0ms)
			BackupInstance (0ms)
			ReleaseScriptingObjects (0ms)
			CreateAndSetChildDomain (1ms)
		EndReloadAssembly (472ms)
			LoadAssemblies (53ms)
			RebuildTransferFunctionScriptingTraits (0ms)
			SetupTypeCache (180ms)
			ReleaseScriptCaches (0ms)
			RebuildScriptCaches (33ms)
			SetupLoadedEditorAssemblies (187ms)
				LogAssemblyErrors (0ms)
				InitializePlatformSupportModulesInManaged (4ms)
				SetLoadedEditorAssemblies (0ms)
				RefreshPlugins (69ms)
				BeforeProcessingInitializeOnLoad (8ms)
				ProcessInitializeOnLoadAttributes (77ms)
				ProcessInitializeOnLoadMethodAttributes (27ms)
				AfterProcessingInitializeOnLoad (0ms)
				EditorAssembliesLoaded (0ms)
			ExecutionOrderSort2 (0ms)
			AwakeInstancesAfterBackupRestoration (0ms)
Platform modules already initialized, skipping
Registering precompiled user dll's ...
Registered in 0.004493 seconds.
Begin MonoManager ReloadAssembly
Native extension for WindowsStandalone target not found
Refreshing native plugins compatible for Editor in 0.95 ms, found 2 plugins.
Preloading 0 native plugins for Editor in 0.00 ms.
Mono: successfully reloaded assembly
- Completed reload, in  1.161 seconds
Domain Reload Profiling:
	ReloadAssembly (1163ms)
		BeginReloadAssembly (169ms)
			ExecutionOrderSort (0ms)
			DisableScriptedObjects (5ms)
			BackupInstance (0ms)
			ReleaseScriptingObjects (0ms)
			CreateAndSetChildDomain (23ms)
		EndReloadAssembly (932ms)
			LoadAssemblies (92ms)
			RebuildTransferFunctionScriptingTraits (0ms)
			SetupTypeCache (286ms)
			ReleaseScriptCaches (1ms)
			RebuildScriptCaches (66ms)
			SetupLoadedEditorAssemblies (383ms)
				LogAssemblyErrors (0ms)
				InitializePlatformSupportModulesInManaged (6ms)
				SetLoadedEditorAssemblies (1ms)
				RefreshPlugins (1ms)
				BeforeProcessingInitializeOnLoad (89ms)
				ProcessInitializeOnLoadAttributes (270ms)
				ProcessInitializeOnLoadMethodAttributes (8ms)
				AfterProcessingInitializeOnLoad (7ms)
				EditorAssembliesLoaded (0ms)
			ExecutionOrderSort2 (0ms)
			AwakeInstancesAfterBackupRestoration (8ms)
Platform modules already initialized, skipping
========================================================================
Worker process is ready to serve import requests
Launched and connected shader compiler UnityShaderCompiler.exe after 0.07 seconds
Refreshing native plugins compatible for Editor in 1.11 ms, found 2 plugins.
Preloading 0 native plugins for Editor in 0.00 ms.
Unloading 2026 Unused Serialized files (Serialized files now loaded: 0)
System memory in use before: 93.4 MB.
System memory in use after: 91.2 MB.

Unloading 35 unused Assets to reduce memory usage. Loaded Objects now: 2448.
Total: 6.132500 ms (FindLiveObjects: 0.417500 ms CreateObjectMapping: 0.197100 ms MarkObjects: 3.669400 ms  DeleteObjects: 1.846300 ms)

AssetImportParameters requested are different than current active one (requested -> active):
  custom:framework-win-MediaFoundation: 216162199b28c13a410421893ffa2e32 -> 
  custom:video-decoder-ogg-theora: a1e56fd34408186e4bbccfd4996cb3dc -> 
  custom:container-muxer-webm: aa71ff27fc2769a1b78a27578f13a17b -> 
  custom:container-demuxer-webm: 4f35f7cbe854078d1ac9338744f61a02 -> 
  custom:container-demuxer-ogg: 62fdf1f143b41e24485cea50d1cbac27 -> 
  custom:video-encoder-webm-vp8: eb34c28f22e8b96e1ab97ce403110664 -> 
  custom:video-decoder-webm-vp8: 9c59270c3fd7afecdb556c50c9e8de78 -> 
  custom:audio-decoder-ogg-vorbis: bf7c407c2cedff20999df2af8eb42d56 -> 
  custom:audio-encoder-webm-vorbis: bf7c407c2cedff20999df2af8eb42d56 -> 
========================================================================
Received Import Request.
  path: Assets/LEGO/Prefabs/LEGO Models/Stone Structures/Altar.prefab
  artifactKey: Guid(38f75548c0b324b2682cbad7b09fcecd) Importer(815301076,1909f56bfc062723c751e8b465ee728b)
Start importing Assets/LEGO/Prefabs/LEGO Models/Stone Structures/Altar.prefab using Guid(38f75548c0b324b2682cbad7b09fcecd) Importer(815301076,1909f56bfc062723c751e8b465ee728b)  -> (artifact id: '1a23b5cf8a75e42cfa70cba093efa001') in 0.584045 seconds 
  Import took 0.588549 seconds .

========================================================================
Received Import Request.
  Time since last request: 0.000193 seconds.
  path: Assets/LEGO/Prefabs/LEGO Models/Stone Structures/Platform.prefab
  artifactKey: Guid(e34f65b5b181cba41b8d90f80c2ed876) Importer(815301076,1909f56bfc062723c751e8b465ee728b)
Start importing Assets/LEGO/Prefabs/LEGO Models/Stone Structures/Platform.prefab using Guid(e34f65b5b181cba41b8d90f80c2ed876) Importer(815301076,1909f56bfc062723c751e8b465ee728b)  -> (artifact id: 'ec1a670cf481a7bef6d87b6118c2dba5') in 0.079923 seconds 
  Import took 0.086834 seconds .

========================================================================
Received Import Request.
  Time since last request: 0.000222 seconds.
  path: Assets/LEGO/Prefabs/LEGO Models/Stone Structures/Statue.prefab
  artifactKey: Guid(4946d16faf3cffd4ca19b7db01cd4705) Importer(815301076,1909f56bfc062723c751e8b465ee728b)
Start importing Assets/LEGO/Prefabs/LEGO Models/Stone Structures/Statue.prefab using Guid(4946d16faf3cffd4ca19b7db01cd4705) Importer(815301076,1909f56bfc062723c751e8b465ee728b)  -> (artifact id: '59265f723a0923d0a57b658df6888aee') in 0.055184 seconds 
  Import took 0.061112 seconds .

========================================================================
Received Import Request.
  Time since last request: 0.000226 seconds.
  path: Assets/LEGO/Prefabs/LEGO Models/Stone Structures/Column.prefab
  artifactKey: Guid(81529e70f15846247b05a795f806f095) Importer(815301076,1909f56bfc062723c751e8b465ee728b)
Start importing Assets/LEGO/Prefabs/LEGO Models/Stone Structures/Column.prefab using Guid(81529e70f15846247b05a795f806f095) Importer(815301076,1909f56bfc062723c751e8b465ee728b)  -> (artifact id: '4eff767f4600d12a4d80230938b528aa') in 0.029986 seconds 
  Import took 0.034348 seconds .

========================================================================
Received Import Request.
  Time since last request: 0.000209 seconds.
  path: Assets/LEGO/Prefabs/LEGO Models/Stone Structures/Wall.prefab
  artifactKey: Guid(aa5c15515bd83ac42a8f2dfb8cc7a4a9) Importer(815301076,1909f56bfc062723c751e8b465ee728b)
Start importing Assets/LEGO/Prefabs/LEGO Models/Stone Structures/Wall.prefab using Guid(aa5c15515bd83ac42a8f2dfb8cc7a4a9) Importer(815301076,1909f56bfc062723c751e8b465ee728b)  -> (artifact id: '63a9ef0dd154875d0a17c762a39d56cc') in 0.046120 seconds 
  Import took 0.050921 seconds .

========================================================================
Received Import Request.
  Time since last request: 0.000229 seconds.
  path: Assets/LEGO/Prefabs/LEGO Models/Stone Structures/Bridge.prefab
  artifactKey: Guid(99bc9e353294345e7abf5f30512bf8e5) Importer(815301076,1909f56bfc062723c751e8b465ee728b)
Start importing Assets/LEGO/Prefabs/LEGO Models/Stone Structures/Bridge.prefab using Guid(99bc9e353294345e7abf5f30512bf8e5) Importer(815301076,1909f56bfc062723c751e8b465ee728b)  -> (artifact id: '01ce52439206af4161c0365748f4239a') in 0.079626 seconds 
  Import took 0.086755 seconds .

========================================================================
Received Import Request.
  Time since last request: 16.149901 seconds.
  path: Assets/LEGO/Prefabs/Setup/Event System.prefab
  artifactKey: Guid(9b45fc46c53dbe948adedf5a4f88583c) Importer(815301076,1909f56bfc062723c751e8b465ee728b)
Start importing Assets/LEGO/Prefabs/Setup/Event System.prefab using Guid(9b45fc46c53dbe948adedf5a4f88583c) Importer(815301076,1909f56bfc062723c751e8b465ee728b)  -> (artifact id: 'b27237bea539f04913b0f616efecf6f4') in 0.010452 seconds 
  Import took 0.014047 seconds .

========================================================================
Received Import Request.
  Time since last request: 0.000196 seconds.
  path: Assets/LEGO/Prefabs/Setup/Game Manager.prefab
  artifactKey: Guid(cc1e3f9715798ea4fab9885b641b3752) Importer(815301076,1909f56bfc062723c751e8b465ee728b)
Start importing Assets/LEGO/Prefabs/Setup/Game Manager.prefab using Guid(cc1e3f9715798ea4fab9885b641b3752) Importer(815301076,1909f56bfc062723c751e8b465ee728b)  -> (artifact id: '7fe896a8fdc70f31e68fecadda3c803e') in 0.009401 seconds 
  Import took 0.013244 seconds .

========================================================================
Received Import Request.
  Time since last request: 0.420381 seconds.
  path: Assets/LEGO/Prefabs/UI/Controls.prefab
  artifactKey: Guid(6b23e1fc73ddf414eb915223522f6e6c) Importer(815301076,1909f56bfc062723c751e8b465ee728b)
Start importing Assets/LEGO/Prefabs/UI/Controls.prefab using Guid(6b23e1fc73ddf414eb915223522f6e6c) Importer(815301076,1909f56bfc062723c751e8b465ee728b)  -> (artifact id: '5ce9e1854da9251fe2fed5a067439c17') in 0.060801 seconds 
  Import took 0.064830 seconds .

========================================================================
Received Import Request.
  Time since last request: 0.000201 seconds.
  path: Assets/LEGO/Prefabs/UI/Objective Win.prefab
  artifactKey: Guid(66bfd05a811428e45addf6e9490739f4) Importer(815301076,1909f56bfc062723c751e8b465ee728b)
Start importing Assets/LEGO/Prefabs/UI/Objective Win.prefab using Guid(66bfd05a811428e45addf6e9490739f4) Importer(815301076,1909f56bfc062723c751e8b465ee728b)  -> (artifact id: 'ddbc08dd39ca2062499c55541a66e818') in 0.025951 seconds 
  Import took 0.029657 seconds .

========================================================================
Received Import Request.
  Time since last request: 0.000183 seconds.
  path: Assets/LEGO/Prefabs/UI/Objective Lose.prefab
  artifactKey: Guid(dca83278894394a75b97fc8f54bd18c4) Importer(815301076,1909f56bfc062723c751e8b465ee728b)
Start importing Assets/LEGO/Prefabs/UI/Objective Lose.prefab using Guid(dca83278894394a75b97fc8f54bd18c4) Importer(815301076,1909f56bfc062723c751e8b465ee728b)  -> (artifact id: '7d1599a87e309df6b91e06b33c852fb4') in 0.023589 seconds 
  Import took 0.027181 seconds .

========================================================================
Received Import Request.
  Time since last request: 0.000242 seconds.
  path: Assets/LEGO/Prefabs/UI/Game HUD.prefab
  artifactKey: Guid(68ea2f971bec30347ad00bc8f4e78891) Importer(815301076,1909f56bfc062723c751e8b465ee728b)
Start importing Assets/LEGO/Prefabs/UI/Game HUD.prefab using Guid(68ea2f971bec30347ad00bc8f4e78891) Importer(815301076,1909f56bfc062723c751e8b465ee728b)  -> (artifact id: 'c1363fa833f0edd89fe823e1c0353b0f') in 0.027677 seconds 
  Import took 0.031468 seconds .

========================================================================
Received Import Request.
  Time since last request: 0.000187 seconds.
  path: Assets/LEGO/Prefabs/UI/Game Over Fade.prefab
  artifactKey: Guid(bb4f358a5a93842cb90ba7990ad71f86) Importer(815301076,1909f56bfc062723c751e8b465ee728b)
Start importing Assets/LEGO/Prefabs/UI/Game Over Fade.prefab using Guid(bb4f358a5a93842cb90ba7990ad71f86) Importer(815301076,1909f56bfc062723c751e8b465ee728b)  -> (artifact id: 'a2622bd0b4073e4b97742c5b265d780b') in 0.009662 seconds 
  Import took 0.012816 seconds .

========================================================================
Received Import Request.
  Time since last request: 0.000259 seconds.
  path: Assets/LEGO/Prefabs/UI/Input Prompt.prefab
  artifactKey: Guid(35eacb06a69ff44438ed7eb355e722c3) Importer(815301076,1909f56bfc062723c751e8b465ee728b)
Start importing Assets/LEGO/Prefabs/UI/Input Prompt.prefab using Guid(35eacb06a69ff44438ed7eb355e722c3) Importer(815301076,1909f56bfc062723c751e8b465ee728b)  -> (artifact id: '3fb3b43c3a8b0ac2d4016dabbee4a010') in 0.027996 seconds 
  Import took 0.031715 seconds .

========================================================================
Received Import Request.
  Time since last request: 0.000245 seconds.
  path: Assets/LEGO/Prefabs/UI/Options Menu.prefab
  artifactKey: Guid(86685caf5e2e2624090d70b416c7c171) Importer(815301076,1909f56bfc062723c751e8b465ee728b)
Start importing Assets/LEGO/Prefabs/UI/Options Menu.prefab using Guid(86685caf5e2e2624090d70b416c7c171) Importer(815301076,1909f56bfc062723c751e8b465ee728b)  -> (artifact id: '18e51b3a715b007833fadd229e81aabd') in 0.042025 seconds 
  Import took 0.045989 seconds .

========================================================================
Received Import Request.
  Time since last request: 0.000276 seconds.
  path: Assets/LEGO/Prefabs/UI/Speech Bubble Prompt.prefab
  artifactKey: Guid(8f2336181d72ea740bdf64bb1cd14b33) Importer(815301076,1909f56bfc062723c751e8b465ee728b)
Start importing Assets/LEGO/Prefabs/UI/Speech Bubble Prompt.prefab using Guid(8f2336181d72ea740bdf64bb1cd14b33) Importer(815301076,1909f56bfc062723c751e8b465ee728b)  -> (artifact id: 'ae34e3d9c0861a439428230e942d1b54') in 0.083676 seconds 
  Import took 0.087947 seconds .

========================================================================
Received Import Request.
  Time since last request: 4.611917 seconds.
  path: Assets/LEGO/Prefabs/LEGO Models/Environment/Boulder Medium.prefab
  artifactKey: Guid(5d14e1538a936344e9aa65df5b6acc91) Importer(815301076,1909f56bfc062723c751e8b465ee728b)
Start importing Assets/LEGO/Prefabs/LEGO Models/Environment/Boulder Medium.prefab using Guid(5d14e1538a936344e9aa65df5b6acc91) Importer(815301076,1909f56bfc062723c751e8b465ee728b)  -> (artifact id: '442740decf3302500eeb9a6c5f55d796') in 0.035933 seconds 
  Import took 0.041065 seconds .

========================================================================
Received Import Request.
  Time since last request: 0.000212 seconds.
  path: Assets/LEGO/Prefabs/LEGO Models/Environment/Rock Small.prefab
  artifactKey: Guid(9b5ef99c3ad5c114abfaf82db1fc8e7e) Importer(815301076,1909f56bfc062723c751e8b465ee728b)
Start importing Assets/LEGO/Prefabs/LEGO Models/Environment/Rock Small.prefab using Guid(9b5ef99c3ad5c114abfaf82db1fc8e7e) Importer(815301076,1909f56bfc062723c751e8b465ee728b)  -> (artifact id: '25e91c485a19cbe656c324349d04cc9a') in 0.026649 seconds 
  Import took 0.031091 seconds .

========================================================================
Received Import Request.
  Time since last request: 0.000231 seconds.
  path: Assets/LEGO/Prefabs/LEGO Models/Environment/Shells.prefab
  artifactKey: Guid(a538e1206ac12bf449140d88748b2a73) Importer(815301076,1909f56bfc062723c751e8b465ee728b)
Start importing Assets/LEGO/Prefabs/LEGO Models/Environment/Shells.prefab using Guid(a538e1206ac12bf449140d88748b2a73) Importer(815301076,1909f56bfc062723c751e8b465ee728b)  -> (artifact id: '923f89dbba522d91b5e6bbffcc18e519') in 0.028776 seconds 
  Import took 0.033817 seconds .

========================================================================
Received Import Request.
  Time since last request: 0.000175 seconds.
  path: Assets/LEGO/Prefabs/LEGO Models/Environment/Boulder Small.prefab
  artifactKey: Guid(e3731e78348cf4a2fbf6cfdaf610c9b2) Importer(815301076,1909f56bfc062723c751e8b465ee728b)
Start importing Assets/LEGO/Prefabs/LEGO Models/Environment/Boulder Small.prefab using Guid(e3731e78348cf4a2fbf6cfdaf610c9b2) Importer(815301076,1909f56bfc062723c751e8b465ee728b)  -> (artifact id: 'd86d2af57505588a570f835fef4e21be') in 0.028504 seconds 
  Import took 0.032936 seconds .

========================================================================
Received Import Request.
  Time since last request: 0.000214 seconds.
  path: Assets/LEGO/Prefabs/LEGO Models/Environment/Mountain.prefab
  artifactKey: Guid(79a95c1cb344f4ec18886bbe4bcdae7f) Importer(815301076,1909f56bfc062723c751e8b465ee728b)
Start importing Assets/LEGO/Prefabs/LEGO Models/Environment/Mountain.prefab using Guid(79a95c1cb344f4ec18886bbe4bcdae7f) Importer(815301076,1909f56bfc062723c751e8b465ee728b)  -> (artifact id: 'd07f060603707e53c9971109f645d451') in 0.107028 seconds 
  Import took 0.113407 seconds .

========================================================================
Received Import Request.
  Time since last request: 0.000231 seconds.
  path: Assets/LEGO/Prefabs/LEGO Models/Environment/Rubble.prefab
  artifactKey: Guid(311b13514547deb48ab4970730902151) Importer(815301076,1909f56bfc062723c751e8b465ee728b)
Start importing Assets/LEGO/Prefabs/LEGO Models/Environment/Rubble.prefab using Guid(311b13514547deb48ab4970730902151) Importer(815301076,1909f56bfc062723c751e8b465ee728b)  -> (artifact id: '3abb631de37aaa26992113a8fcdcc197') in 0.025128 seconds 
  Import took 0.029756 seconds .

========================================================================
Received Import Request.
  Time since last request: 0.000296 seconds.
  path: Assets/LEGO/Prefabs/LEGO Models/Environment/Skull Rock.prefab
  artifactKey: Guid(148ac7348621a423ba331c7a7139e90d) Importer(815301076,1909f56bfc062723c751e8b465ee728b)
Start importing Assets/LEGO/Prefabs/LEGO Models/Environment/Skull Rock.prefab using Guid(148ac7348621a423ba331c7a7139e90d) Importer(815301076,1909f56bfc062723c751e8b465ee728b)  -> (artifact id: 'c42625c9c277cea1cfbfa1344032c850') in 0.794692 seconds 
  Import took 0.819028 seconds .

========================================================================
Received Import Request.
  Time since last request: 0.000257 seconds.
  path: Assets/LEGO/Prefabs/LEGO Models/Environment/Rock Medium.prefab
  artifactKey: Guid(05a71a24f04df6b4c8916c721b9e96cd) Importer(815301076,1909f56bfc062723c751e8b465ee728b)
Start importing Assets/LEGO/Prefabs/LEGO Models/Environment/Rock Medium.prefab using Guid(05a71a24f04df6b4c8916c721b9e96cd) Importer(815301076,1909f56bfc062723c751e8b465ee728b)  -> (artifact id: 'b9ae92ea89114d257a1bd0f109d9b11d') in 0.032236 seconds 
  Import took 0.037433 seconds .

========================================================================
Received Import Request.
  Time since last request: 2.879212 seconds.
  path: Assets/LEGO/Prefabs/LEGO Models/Buildings/Fence.prefab
  artifactKey: Guid(08f194e70e6666c4d91b53a8fdc85470) Importer(815301076,1909f56bfc062723c751e8b465ee728b)
Start importing Assets/LEGO/Prefabs/LEGO Models/Buildings/Fence.prefab using Guid(08f194e70e6666c4d91b53a8fdc85470) Importer(815301076,1909f56bfc062723c751e8b465ee728b)  -> (artifact id: 'af574121207abe9f4681e018ae5a4bd3') in 0.322039 seconds 
  Import took 0.332866 seconds .

========================================================================
Received Import Request.
  Time since last request: 0.000242 seconds.
  path: Assets/LEGO/Prefabs/LEGO Models/Buildings/Temple.prefab
  artifactKey: Guid(6f58d2fd99f634648880f0df7a97dc3e) Importer(815301076,1909f56bfc062723c751e8b465ee728b)
Start importing Assets/LEGO/Prefabs/LEGO Models/Buildings/Temple.prefab using Guid(6f58d2fd99f634648880f0df7a97dc3e) Importer(815301076,1909f56bfc062723c751e8b465ee728b)  -> (artifact id: '678910bf718e52ddbd83cdbaaa76ce6d') in 0.133450 seconds 
  Import took 0.142948 seconds .

========================================================================
Received Import Request.
  Time since last request: 0.000241 seconds.
  path: Assets/LEGO/Prefabs/LEGO Models/Buildings/Tower.prefab
  artifactKey: Guid(87752d9de0a7b5e4886a0fc1c8d64c1d) Importer(815301076,1909f56bfc062723c751e8b465ee728b)
Start importing Assets/LEGO/Prefabs/LEGO Models/Buildings/Tower.prefab using Guid(87752d9de0a7b5e4886a0fc1c8d64c1d) Importer(815301076,1909f56bfc062723c751e8b465ee728b)  -> (artifact id: '8bf51f436a23e319a4eefab17c15ff62') in 0.103463 seconds 
  Import took 0.111548 seconds .

========================================================================
Received Import Request.
  Time since last request: 0.757400 seconds.
  path: Assets/LEGO/Prefabs/LEGO Models/Brick Collections/Cool Bricks.prefab
  artifactKey: Guid(20ab5867c8d3d4ba983890cd90b6a7be) Importer(815301076,1909f56bfc062723c751e8b465ee728b)
Start importing Assets/LEGO/Prefabs/LEGO Models/Brick Collections/Cool Bricks.prefab using Guid(20ab5867c8d3d4ba983890cd90b6a7be) Importer(815301076,1909f56bfc062723c751e8b465ee728b)  -> (artifact id: '01b259a2921b2aa2821cb410c926d198') in 0.248224 seconds 
  Import took 0.260778 seconds .

========================================================================
Received Import Request.
  Time since last request: 0.000217 seconds.
  path: Assets/LEGO/Prefabs/LEGO Models/Brick Collections/Starter Bricks.prefab
  artifactKey: Guid(fd2b330f471624a30ae9c6428f056843) Importer(815301076,1909f56bfc062723c751e8b465ee728b)
Start importing Assets/LEGO/Prefabs/LEGO Models/Brick Collections/Starter Bricks.prefab using Guid(fd2b330f471624a30ae9c6428f056843) Importer(815301076,1909f56bfc062723c751e8b465ee728b)  -> (artifact id: '69e30a03e9b8a1f06cbe56f7eeb422af') in 0.049966 seconds 
  Import took 0.056641 seconds .

========================================================================
Received Import Request.
  Time since last request: 1.578099 seconds.
  path: Assets/LEGO/Prefabs/LEGO Models/Characters/Alien.prefab
  artifactKey: Guid(3b69f35b5c82fed44851cf9359486c32) Importer(815301076,1909f56bfc062723c751e8b465ee728b)
Start importing Assets/LEGO/Prefabs/LEGO Models/Characters/Alien.prefab using Guid(3b69f35b5c82fed44851cf9359486c32) Importer(815301076,1909f56bfc062723c751e8b465ee728b)  -> (artifact id: '3ec0434de317726d8edb506b94bfbf6a') in 0.045933 seconds 
  Import took 0.052693 seconds .

========================================================================
Received Import Request.
  Time since last request: 0.000266 seconds.
  path: Assets/LEGO/Prefabs/LEGO Models/Characters/Galo.prefab
  artifactKey: Guid(e3e699aed59724e4b960325459cf8173) Importer(815301076,1909f56bfc062723c751e8b465ee728b)
Start importing Assets/LEGO/Prefabs/LEGO Models/Characters/Galo.prefab using Guid(e3e699aed59724e4b960325459cf8173) Importer(815301076,1909f56bfc062723c751e8b465ee728b)  -> (artifact id: '1cd67dc30961849236864a7d195e7b65') in 0.046961 seconds 
  Import took 0.051752 seconds .

========================================================================
Received Import Request.
  Time since last request: 0.000296 seconds.
  path: Assets/LEGO/Prefabs/LEGO Models/Characters/Pirate.prefab
  artifactKey: Guid(b2cbcbfe568fd4abdab1576c36c09c16) Importer(815301076,1909f56bfc062723c751e8b465ee728b)
Start importing Assets/LEGO/Prefabs/LEGO Models/Characters/Pirate.prefab using Guid(b2cbcbfe568fd4abdab1576c36c09c16) Importer(815301076,1909f56bfc062723c751e8b465ee728b)  -> (artifact id: '31f4a43d9f7b9b0f2ae6d7f922c4602f') in 0.045613 seconds 
  Import took 0.051039 seconds .

========================================================================
Received Import Request.
  Time since last request: 0.000302 seconds.
  path: Assets/LEGO/Prefabs/LEGO Models/Characters/Dr Pato.prefab
  artifactKey: Guid(a05afb62c04ea4ee98923cc3ea43b78d) Importer(815301076,1909f56bfc062723c751e8b465ee728b)
Start importing Assets/LEGO/Prefabs/LEGO Models/Characters/Dr Pato.prefab using Guid(a05afb62c04ea4ee98923cc3ea43b78d) Importer(815301076,1909f56bfc062723c751e8b465ee728b)  -> (artifact id: '5e5e75c326dec713dd0ddce19a02ddbe') in 0.045001 seconds 
  Import took 0.050745 seconds .

========================================================================
Received Import Request.
  Time since last request: 0.000264 seconds.
  path: Assets/LEGO/Prefabs/LEGO Models/Characters/Javali Jax.prefab
  artifactKey: Guid(bf8f044ecf3ad4a5f95b2931bc908aa8) Importer(815301076,1909f56bfc062723c751e8b465ee728b)
Start importing Assets/LEGO/Prefabs/LEGO Models/Characters/Javali Jax.prefab using Guid(bf8f044ecf3ad4a5f95b2931bc908aa8) Importer(815301076,1909f56bfc062723c751e8b465ee728b)  -> (artifact id: '05555b7516ee05a66bb0788c6fa3d9da') in 0.058530 seconds 
  Import took 0.064705 seconds .

========================================================================
Received Import Request.
  Time since last request: 0.000247 seconds.
  path: Assets/LEGO/Prefabs/LEGO Models/Characters/Panda.prefab
  artifactKey: Guid(dd2ac158d80154bcf8db5010cab2894e) Importer(815301076,1909f56bfc062723c751e8b465ee728b)
Start importing Assets/LEGO/Prefabs/LEGO Models/Characters/Panda.prefab using Guid(dd2ac158d80154bcf8db5010cab2894e) Importer(815301076,1909f56bfc062723c751e8b465ee728b)  -> (artifact id: '7fe1293daf44f6f61a3a995233257cd2') in 0.247313 seconds 
  Import took 0.261077 seconds .

========================================================================
Received Import Request.
  Time since last request: 0.000272 seconds.
  path: Assets/LEGO/Prefabs/LEGO Models/Characters/Gnome.prefab
  artifactKey: Guid(e6772116bbcc7cc4d99f0f86f915d7b6) Importer(815301076,1909f56bfc062723c751e8b465ee728b)
Start importing Assets/LEGO/Prefabs/LEGO Models/Characters/Gnome.prefab using Guid(e6772116bbcc7cc4d99f0f86f915d7b6) Importer(815301076,1909f56bfc062723c751e8b465ee728b)  -> (artifact id: '5a7879e18057cdb133994d7eee36fc50') in 0.038237 seconds 
  Import took 0.043330 seconds .

========================================================================
Received Import Request.
  Time since last request: 0.000274 seconds.
  path: Assets/LEGO/Prefabs/LEGO Models/Characters/Mini Hippo.prefab
  artifactKey: Guid(011d347399a2f3243ac77c0b1128e4cd) Importer(815301076,1909f56bfc062723c751e8b465ee728b)
Start importing Assets/LEGO/Prefabs/LEGO Models/Characters/Mini Hippo.prefab using Guid(011d347399a2f3243ac77c0b1128e4cd) Importer(815301076,1909f56bfc062723c751e8b465ee728b)  -> (artifact id: '8f9bbac7453608fac6812e7637db2be0') in 0.044241 seconds 
  Import took 0.050232 seconds .

========================================================================
Received Import Request.
  Time since last request: 0.000285 seconds.
  path: Assets/LEGO/Prefabs/LEGO Models/Characters/Mogosaur.prefab
  artifactKey: Guid(c5a354bab27bb3e4eb8dcf9888b9d202) Importer(815301076,1909f56bfc062723c751e8b465ee728b)
Start importing Assets/LEGO/Prefabs/LEGO Models/Characters/Mogosaur.prefab using Guid(c5a354bab27bb3e4eb8dcf9888b9d202) Importer(815301076,1909f56bfc062723c751e8b465ee728b)  -> (artifact id: '827c67110e5996ebf316b5e10f0bffc8') in 0.046472 seconds 
  Import took 0.052383 seconds .

========================================================================
Received Import Request.
  Time since last request: 0.000262 seconds.
  path: Assets/LEGO/Prefabs/LEGO Models/Characters/Giraffe.prefab
  artifactKey: Guid(484e9cbf2731244a89d30096e1ec9bde) Importer(815301076,1909f56bfc062723c751e8b465ee728b)
Start importing Assets/LEGO/Prefabs/LEGO Models/Characters/Giraffe.prefab using Guid(484e9cbf2731244a89d30096e1ec9bde) Importer(815301076,1909f56bfc062723c751e8b465ee728b)  -> (artifact id: '0ffe156d012be0da7ff06c75d5c55f7c') in 0.061695 seconds 
  Import took 0.068103 seconds .

========================================================================
Received Import Request.
  Time since last request: 0.000262 seconds.
  path: Assets/LEGO/Prefabs/LEGO Models/Characters/Brewer.prefab
  artifactKey: Guid(04d2e5b05d07643b7aff83683668e6e8) Importer(815301076,1909f56bfc062723c751e8b465ee728b)
Start importing Assets/LEGO/Prefabs/LEGO Models/Characters/Brewer.prefab using Guid(04d2e5b05d07643b7aff83683668e6e8) Importer(815301076,1909f56bfc062723c751e8b465ee728b)  -> (artifact id: '85a7a7a696408e573a795cb15cfc9fc9') in 0.056576 seconds 
  Import took 0.062334 seconds .

========================================================================
Received Import Request.
  Time since last request: 0.000241 seconds.
  path: Assets/LEGO/Prefabs/LEGO Models/Characters/Golem.prefab
  artifactKey: Guid(e9a8254f33877477c91a2eb9da7d3049) Importer(815301076,1909f56bfc062723c751e8b465ee728b)
Start importing Assets/LEGO/Prefabs/LEGO Models/Characters/Golem.prefab using Guid(e9a8254f33877477c91a2eb9da7d3049) Importer(815301076,1909f56bfc062723c751e8b465ee728b)  -> (artifact id: '21907d173a538925b14982c223e12d2a') in 0.075333 seconds 
  Import took 0.082979 seconds .

========================================================================
Received Import Request.
  Time since last request: 0.000259 seconds.
  path: Assets/LEGO/Prefabs/LEGO Models/Characters/Wizard.prefab
  artifactKey: Guid(b3c71fee3db584dd9b6011fb2b044215) Importer(815301076,1909f56bfc062723c751e8b465ee728b)
Start importing Assets/LEGO/Prefabs/LEGO Models/Characters/Wizard.prefab using Guid(b3c71fee3db584dd9b6011fb2b044215) Importer(815301076,1909f56bfc062723c751e8b465ee728b)  -> (artifact id: 'b39bb65b2f7b8ea24976c2676e9eafea') in 0.046549 seconds 
  Import took 0.051983 seconds .

========================================================================
Received Import Request.
  Time since last request: 0.605128 seconds.
  path: Assets/LEGO/Prefabs/LEGO Models/Contraptions/Button Action.prefab
  artifactKey: Guid(641d602a4f7ad40538dda2ef1b094be4) Importer(815301076,1909f56bfc062723c751e8b465ee728b)
Start importing Assets/LEGO/Prefabs/LEGO Models/Contraptions/Button Action.prefab using Guid(641d602a4f7ad40538dda2ef1b094be4) Importer(815301076,1909f56bfc062723c751e8b465ee728b)  -> (artifact id: 'a73fc3d945cef27431c1ec9a119677df') in 0.053265 seconds 
  Import took 0.058222 seconds .

========================================================================
Received Import Request.
  Time since last request: 0.000227 seconds.
  path: Assets/LEGO/Prefabs/LEGO Models/Contraptions/Button Arrow.prefab
  artifactKey: Guid(784450df57adc46eab121e0afc3951d8) Importer(815301076,1909f56bfc062723c751e8b465ee728b)
Start importing Assets/LEGO/Prefabs/LEGO Models/Contraptions/Button Arrow.prefab using Guid(784450df57adc46eab121e0afc3951d8) Importer(815301076,1909f56bfc062723c751e8b465ee728b)  -> (artifact id: '8a783b67b3f5346162038f9fc03c90f5') in 0.051374 seconds 
  Import took 0.056799 seconds .

========================================================================
Received Import Request.
  Time since last request: 0.000282 seconds.
  path: Assets/LEGO/Prefabs/LEGO Models/Contraptions/Cannon.prefab
  artifactKey: Guid(7c664b531d27b440f9cd941fb0c3afb4) Importer(815301076,1909f56bfc062723c751e8b465ee728b)
Start importing Assets/LEGO/Prefabs/LEGO Models/Contraptions/Cannon.prefab using Guid(7c664b531d27b440f9cd941fb0c3afb4) Importer(815301076,1909f56bfc062723c751e8b465ee728b)  -> (artifact id: 'b49c7075d7f3746d2cf40120a7698a43') in 0.166855 seconds 
  Import took 0.176427 seconds .

========================================================================
Received Import Request.
  Time since last request: 0.000255 seconds.
  path: Assets/LEGO/Prefabs/LEGO Models/Contraptions/Console.prefab
  artifactKey: Guid(00485fc7a1a3d4fe2943950849eacd0d) Importer(815301076,1909f56bfc062723c751e8b465ee728b)
Start importing Assets/LEGO/Prefabs/LEGO Models/Contraptions/Console.prefab using Guid(00485fc7a1a3d4fe2943950849eacd0d) Importer(815301076,1909f56bfc062723c751e8b465ee728b)  -> (artifact id: 'f642bb18266060fbaa24c365b7b85e6c') in 0.042646 seconds 
  Import took 0.047479 seconds .

========================================================================
Received Import Request.
  Time since last request: 0.000257 seconds.
  path: Assets/LEGO/Prefabs/LEGO Models/Contraptions/Cage.prefab
  artifactKey: Guid(a081f6d2ca2234ce9b6b487e63805de2) Importer(815301076,1909f56bfc062723c751e8b465ee728b)
Start importing Assets/LEGO/Prefabs/LEGO Models/Contraptions/Cage.prefab using Guid(a081f6d2ca2234ce9b6b487e63805de2) Importer(815301076,1909f56bfc062723c751e8b465ee728b)  -> (artifact id: 'a26a0737d82e56660e67285e6243314c') in 0.191664 seconds 
  Import took 0.203285 seconds .

========================================================================
Received Import Request.
  Time since last request: 0.000237 seconds.
  path: Assets/LEGO/Prefabs/LEGO Models/Contraptions/Elevator.prefab
  artifactKey: Guid(cf81ef10970270a45ab1f3c5bbbdff9a) Importer(815301076,1909f56bfc062723c751e8b465ee728b)
Start importing Assets/LEGO/Prefabs/LEGO Models/Contraptions/Elevator.prefab using Guid(cf81ef10970270a45ab1f3c5bbbdff9a) Importer(815301076,1909f56bfc062723c751e8b465ee728b)  -> (artifact id: '772b90b172adc8d745785c986bcb9947') in 0.066647 seconds 
  Import took 0.072916 seconds .

========================================================================
Received Import Request.
  Time since last request: 0.000276 seconds.
  path: Assets/LEGO/Prefabs/LEGO Models/Contraptions/Jukebox.prefab
  artifactKey: Guid(b0a3ca1d22253443c9c359be6add26eb) Importer(815301076,1909f56bfc062723c751e8b465ee728b)
Start importing Assets/LEGO/Prefabs/LEGO Models/Contraptions/Jukebox.prefab using Guid(b0a3ca1d22253443c9c359be6add26eb) Importer(815301076,1909f56bfc062723c751e8b465ee728b)  -> (artifact id: '1542767e190155cfa5c81d4e2e7e6757') in 0.094081 seconds 
  Import took 0.102678 seconds .

========================================================================
Received Import Request.
  Time since last request: 0.000248 seconds.
  path: Assets/LEGO/Prefabs/LEGO Models/Contraptions/Evil Machine.prefab
  artifactKey: Guid(6cea08cf6cc064515a4a34c0ec041639) Importer(815301076,1909f56bfc062723c751e8b465ee728b)
Start importing Assets/LEGO/Prefabs/LEGO Models/Contraptions/Evil Machine.prefab using Guid(6cea08cf6cc064515a4a34c0ec041639) Importer(815301076,1909f56bfc062723c751e8b465ee728b)  -> (artifact id: '2ca4be3bca50ac59c2d51317846e6f3f') in 0.139654 seconds 
  Import took 0.149759 seconds .

========================================================================
Received Import Request.
  Time since last request: 0.000231 seconds.
  path: Assets/LEGO/Prefabs/LEGO Models/Contraptions/Treasure Chest.prefab
  artifactKey: Guid(90fcab019a59446f9831ce5eb05000d9) Importer(815301076,1909f56bfc062723c751e8b465ee728b)
Start importing Assets/LEGO/Prefabs/LEGO Models/Contraptions/Treasure Chest.prefab using Guid(90fcab019a59446f9831ce5eb05000d9) Importer(815301076,1909f56bfc062723c751e8b465ee728b)  -> (artifact id: '2f0a3773550f6c0375cd3fb8edb1c17d') in 0.131285 seconds 
  Import took 0.143173 seconds .

========================================================================
Received Import Request.
  Time since last request: 2.199550 seconds.
  path: Assets/LEGO/Prefabs/LEGO Models/Pickups/Crab.prefab
  artifactKey: Guid(0d50e868a16ca4d13b69fcd194a0d213) Importer(815301076,1909f56bfc062723c751e8b465ee728b)
Start importing Assets/LEGO/Prefabs/LEGO Models/Pickups/Crab.prefab using Guid(0d50e868a16ca4d13b69fcd194a0d213) Importer(815301076,1909f56bfc062723c751e8b465ee728b)  -> (artifact id: 'e15a663a19642f05490f1358462ef650') in 0.025658 seconds 
  Import took 0.029358 seconds .

========================================================================
Received Import Request.
  Time since last request: 0.000252 seconds.
  path: Assets/LEGO/Prefabs/LEGO Models/Pickups/Crystal.prefab
  artifactKey: Guid(41d58ec482a3e4bddac6c8e0044f5826) Importer(815301076,1909f56bfc062723c751e8b465ee728b)
Start importing Assets/LEGO/Prefabs/LEGO Models/Pickups/Crystal.prefab using Guid(41d58ec482a3e4bddac6c8e0044f5826) Importer(815301076,1909f56bfc062723c751e8b465ee728b)  -> (artifact id: '098a8e37aa694b425600380515698277') in 0.023841 seconds 
  Import took 0.027848 seconds .

========================================================================
Received Import Request.
  Time since last request: 0.000240 seconds.
  path: Assets/LEGO/Prefabs/LEGO Models/Pickups/Fruit.prefab
  artifactKey: Guid(37c756c1cd2f44b739bcd32b884951b8) Importer(815301076,1909f56bfc062723c751e8b465ee728b)
Start importing Assets/LEGO/Prefabs/LEGO Models/Pickups/Fruit.prefab using Guid(37c756c1cd2f44b739bcd32b884951b8) Importer(815301076,1909f56bfc062723c751e8b465ee728b)  -> (artifact id: '0a7ad5c3729879f7dd0be839bb4d94da') in 0.030823 seconds 
  Import took 0.035239 seconds .

========================================================================
Received Import Request.
  Time since last request: 0.467346 seconds.
  path: Assets/LEGO/Prefabs/LEGO Models/Plants/Bamboo.prefab
  artifactKey: Guid(867b8f528b39f4a138438678aee738a7) Importer(815301076,1909f56bfc062723c751e8b465ee728b)
Start importing Assets/LEGO/Prefabs/LEGO Models/Plants/Bamboo.prefab using Guid(867b8f528b39f4a138438678aee738a7) Importer(815301076,1909f56bfc062723c751e8b465ee728b)  -> (artifact id: '2979f6874c6bce22f98b5d885c6f4acb') in 0.041152 seconds 
  Import took 0.045711 seconds .

========================================================================
Received Import Request.
  Time since last request: 0.000235 seconds.
  path: Assets/LEGO/Prefabs/LEGO Models/Plants/Palm.prefab
  artifactKey: Guid(c111561bb9ed29845910ea93b36ddd04) Importer(815301076,1909f56bfc062723c751e8b465ee728b)
Start importing Assets/LEGO/Prefabs/LEGO Models/Plants/Palm.prefab using Guid(c111561bb9ed29845910ea93b36ddd04) Importer(815301076,1909f56bfc062723c751e8b465ee728b)  -> (artifact id: 'efe3668da8000520f4cf9c63f6ae70dd') in 0.036876 seconds 
  Import took 0.042069 seconds .

========================================================================
Received Import Request.
  Time since last request: 0.000277 seconds.
  path: Assets/LEGO/Prefabs/LEGO Models/Plants/Cactus.prefab
  artifactKey: Guid(50fea28fbd3734e49a8840fa067a25b2) Importer(815301076,1909f56bfc062723c751e8b465ee728b)
Start importing Assets/LEGO/Prefabs/LEGO Models/Plants/Cactus.prefab using Guid(50fea28fbd3734e49a8840fa067a25b2) Importer(815301076,1909f56bfc062723c751e8b465ee728b)  -> (artifact id: 'd94006332e193c05ada0479c12673d5f') in 0.039819 seconds 
  Import took 0.045553 seconds .

========================================================================
Received Import Request.
  Time since last request: 0.000271 seconds.
  path: Assets/LEGO/Prefabs/LEGO Models/Plants/Berries.prefab
  artifactKey: Guid(99e5b0c76ad47db429d93097d87d82e5) Importer(815301076,1909f56bfc062723c751e8b465ee728b)
Start importing Assets/LEGO/Prefabs/LEGO Models/Plants/Berries.prefab using Guid(99e5b0c76ad47db429d93097d87d82e5) Importer(815301076,1909f56bfc062723c751e8b465ee728b)  -> (artifact id: '6dc78413a236ec8dd6628611a58347e5') in 0.027502 seconds 
  Import took 0.032015 seconds .

========================================================================
Received Import Request.
  Time since last request: 0.000218 seconds.
  path: Assets/LEGO/Prefabs/LEGO Models/Plants/Shrub.prefab
  artifactKey: Guid(42b8312502cbceb4eab2f6b6f2eca188) Importer(815301076,1909f56bfc062723c751e8b465ee728b)
Start importing Assets/LEGO/Prefabs/LEGO Models/Plants/Shrub.prefab using Guid(42b8312502cbceb4eab2f6b6f2eca188) Importer(815301076,1909f56bfc062723c751e8b465ee728b)  -> (artifact id: 'd65683e647bab8d306b0ac6f73f1658c') in 0.026607 seconds 
  Import took 0.030649 seconds .

========================================================================
Received Import Request.
  Time since last request: 0.000239 seconds.
  path: Assets/LEGO/Prefabs/LEGO Models/Plants/Flowers.prefab
  artifactKey: Guid(a2ae65e677db2464facf7097a46294c4) Importer(815301076,1909f56bfc062723c751e8b465ee728b)
Start importing Assets/LEGO/Prefabs/LEGO Models/Plants/Flowers.prefab using Guid(a2ae65e677db2464facf7097a46294c4) Importer(815301076,1909f56bfc062723c751e8b465ee728b)  -> (artifact id: 'a0ec6e8c7863570a337b8899eae052b8') in 0.034092 seconds 
  Import took 0.039159 seconds .

========================================================================
Received Prepare
Registering precompiled user dll's ...
Registered in 0.003142 seconds.
Begin MonoManager ReloadAssembly
Native extension for WindowsStandalone target not found
Refreshing native plugins compatible for Editor in 0.55 ms, found 2 plugins.
Preloading 0 native plugins for Editor in 0.00 ms.
Mono: successfully reloaded assembly
- Completed reload, in  0.947 seconds
Domain Reload Profiling:
	ReloadAssembly (948ms)
		BeginReloadAssembly (151ms)
			ExecutionOrderSort (0ms)
			DisableScriptedObjects (4ms)
			BackupInstance (0ms)
			ReleaseScriptingObjects (0ms)
			CreateAndSetChildDomain (39ms)
		EndReloadAssembly (739ms)
			LoadAssemblies (111ms)
			RebuildTransferFunctionScriptingTraits (0ms)
			SetupTypeCache (292ms)
			ReleaseScriptCaches (1ms)
			RebuildScriptCaches (35ms)
			SetupLoadedEditorAssemblies (242ms)
				LogAssemblyErrors (0ms)
				InitializePlatformSupportModulesInManaged (4ms)
				SetLoadedEditorAssemblies (0ms)
				RefreshPlugins (1ms)
				BeforeProcessingInitializeOnLoad (58ms)
				ProcessInitializeOnLoadAttributes (169ms)
				ProcessInitializeOnLoadMethodAttributes (4ms)
				AfterProcessingInitializeOnLoad (5ms)
				EditorAssembliesLoaded (0ms)
			ExecutionOrderSort2 (0ms)
			AwakeInstancesAfterBackupRestoration (6ms)
Platform modules already initialized, skipping
Refreshing native plugins compatible for Editor in 0.57 ms, found 2 plugins.
Preloading 0 native plugins for Editor in 0.00 ms.
Unloading 2003 Unused Serialized files (Serialized files now loaded: 0)
System memory in use before: 115.3 MB.
System memory in use after: 113.0 MB.

Unloading 33 unused Assets to reduce memory usage. Loaded Objects now: 2458.
Total: 4.247700 ms (FindLiveObjects: 0.212900 ms CreateObjectMapping: 0.081700 ms MarkObjects: 2.694800 ms  DeleteObjects: 1.257200 ms)

AssetImportParameters requested are different than current active one (requested -> active):
  custom:framework-win-MediaFoundation: 216162199b28c13a410421893ffa2e32 -> 
  custom:video-decoder-ogg-theora: a1e56fd34408186e4bbccfd4996cb3dc -> 
  custom:container-muxer-webm: aa71ff27fc2769a1b78a27578f13a17b -> 
  custom:container-demuxer-webm: 4f35f7cbe854078d1ac9338744f61a02 -> 
  custom:container-demuxer-ogg: 62fdf1f143b41e24485cea50d1cbac27 -> 
  custom:video-encoder-webm-vp8: eb34c28f22e8b96e1ab97ce403110664 -> 
  custom:video-decoder-webm-vp8: 9c59270c3fd7afecdb556c50c9e8de78 -> 
  custom:audio-decoder-ogg-vorbis: bf7c407c2cedff20999df2af8eb42d56 -> 
  custom:audio-encoder-webm-vorbis: bf7c407c2cedff20999df2af8eb42d56 -> 
========================================================================
Received Import Request.
  Time since last request: 200.628932 seconds.
  path: Assets/LEGO/Prefabs/LEGO Behaviour Bricks/Alive.prefab
  artifactKey: Guid(14c411293fa3844dda7a44a1e006eb6c) Importer(815301076,1909f56bfc062723c751e8b465ee728b)
Start importing Assets/LEGO/Prefabs/LEGO Behaviour Bricks/Alive.prefab using Guid(14c411293fa3844dda7a44a1e006eb6c) Importer(815301076,1909f56bfc062723c751e8b465ee728b)  -> (artifact id: '4c1c3a9942509b538ac862bae884901c') in 0.062214 seconds 
  Import took 0.065881 seconds .

========================================================================
Received Import Request.
  Time since last request: 0.000256 seconds.
  path: Assets/LEGO/Prefabs/LEGO Behaviour Bricks/Pickup.prefab
  artifactKey: Guid(aabede6d086ed4135905ba95940a38b0) Importer(815301076,1909f56bfc062723c751e8b465ee728b)
Start importing Assets/LEGO/Prefabs/LEGO Behaviour Bricks/Pickup.prefab using Guid(aabede6d086ed4135905ba95940a38b0) Importer(815301076,1909f56bfc062723c751e8b465ee728b)  -> (artifact id: 'a07a7162466582d4cf9f2165cfce1b2e') in 0.021263 seconds 
  Import took 0.025455 seconds .

========================================================================
Received Import Request.
  Time since last request: 0.000278 seconds.
  path: Assets/LEGO/Prefabs/LEGO Behaviour Bricks/Win.prefab
  artifactKey: Guid(ea265bc597495427489e129dab6e40fa) Importer(815301076,1909f56bfc062723c751e8b465ee728b)
Start importing Assets/LEGO/Prefabs/LEGO Behaviour Bricks/Win.prefab using Guid(ea265bc597495427489e129dab6e40fa) Importer(815301076,1909f56bfc062723c751e8b465ee728b)  -> (artifact id: '3b05d12aae87f00aa62549d5b3897888') in 0.022155 seconds 
  Import took 0.025767 seconds .

========================================================================
Received Import Request.
  Time since last request: 0.000199 seconds.
  path: Assets/LEGO/Prefabs/LEGO Behaviour Bricks/Shoot.prefab
  artifactKey: Guid(64d1d089ce11e4eadaa32af6d2e3d1fd) Importer(815301076,1909f56bfc062723c751e8b465ee728b)
Start importing Assets/LEGO/Prefabs/LEGO Behaviour Bricks/Shoot.prefab using Guid(64d1d089ce11e4eadaa32af6d2e3d1fd) Importer(815301076,1909f56bfc062723c751e8b465ee728b)  -> (artifact id: 'ae5432649978696bcbf8ec2f97e23e43') in 0.025824 seconds 
  Import took 0.029900 seconds .

========================================================================
Received Import Request.
  Time since last request: 0.000195 seconds.
  path: Assets/LEGO/Prefabs/LEGO Behaviour Bricks/Counter.prefab
  artifactKey: Guid(e091f61a413b7c443bcb03c9d0e2f23a) Importer(815301076,1909f56bfc062723c751e8b465ee728b)
Start importing Assets/LEGO/Prefabs/LEGO Behaviour Bricks/Counter.prefab using Guid(e091f61a413b7c443bcb03c9d0e2f23a) Importer(815301076,1909f56bfc062723c751e8b465ee728b)  -> (artifact id: '7c0a55cb5ad28a3c1f033f90b5087a20') in 0.070433 seconds 
  Import took 0.073847 seconds .

========================================================================
Received Import Request.
  Time since last request: 0.000200 seconds.
  path: Assets/LEGO/Prefabs/LEGO Behaviour Bricks/Look At.prefab
  artifactKey: Guid(2e71bfa7eed3a41f788a600ef863e7b1) Importer(815301076,1909f56bfc062723c751e8b465ee728b)
Start importing Assets/LEGO/Prefabs/LEGO Behaviour Bricks/Look At.prefab using Guid(2e71bfa7eed3a41f788a600ef863e7b1) Importer(815301076,1909f56bfc062723c751e8b465ee728b)  -> (artifact id: '16e4978f7b3eef0623a2c0f7d7b6f761') in 0.015395 seconds 
  Import took 0.018930 seconds .

========================================================================
Received Import Request.
  Time since last request: 0.000235 seconds.
  path: Assets/LEGO/Prefabs/LEGO Behaviour Bricks/Nearby Trigger.prefab
  artifactKey: Guid(5073354b3112c48619a5a0a18f938ee7) Importer(815301076,1909f56bfc062723c751e8b465ee728b)
Start importing Assets/LEGO/Prefabs/LEGO Behaviour Bricks/Nearby Trigger.prefab using Guid(5073354b3112c48619a5a0a18f938ee7) Importer(815301076,1909f56bfc062723c751e8b465ee728b)  -> (artifact id: 'ffb39e207175bd044f26f484fdad669f') in 0.015704 seconds 
  Import took 0.019020 seconds .

========================================================================
Received Import Request.
  Time since last request: 0.000206 seconds.
  path: Assets/LEGO/Prefabs/LEGO Behaviour Bricks/Counter Trigger.prefab
  artifactKey: Guid(0ad34d748b0f8584ab90acec1c11f21f) Importer(815301076,1909f56bfc062723c751e8b465ee728b)
Start importing Assets/LEGO/Prefabs/LEGO Behaviour Bricks/Counter Trigger.prefab using Guid(0ad34d748b0f8584ab90acec1c11f21f) Importer(815301076,1909f56bfc062723c751e8b465ee728b)  -> (artifact id: 'b6d7f7a89bc53558c9a413c96596f920') in 0.034451 seconds 
  Import took 0.037993 seconds .

========================================================================
Received Import Request.
  Time since last request: 0.000251 seconds.
  path: Assets/LEGO/Prefabs/LEGO Behaviour Bricks/Lose.prefab
  artifactKey: Guid(455247ff710ea4752a3ebae0c04d375f) Importer(815301076,1909f56bfc062723c751e8b465ee728b)
Start importing Assets/LEGO/Prefabs/LEGO Behaviour Bricks/Lose.prefab using Guid(455247ff710ea4752a3ebae0c04d375f) Importer(815301076,1909f56bfc062723c751e8b465ee728b)  -> (artifact id: '1e917c264854f37c3dfd866ddf95182d') in 0.031152 seconds 
  Import took 0.037875 seconds .

========================================================================
Received Import Request.
  Time since last request: 0.000241 seconds.
  path: Assets/LEGO/Prefabs/LEGO Behaviour Bricks/Explode.prefab
  artifactKey: Guid(dec0a645588d04d8bb0ca99f70ffa743) Importer(815301076,1909f56bfc062723c751e8b465ee728b)
Start importing Assets/LEGO/Prefabs/LEGO Behaviour Bricks/Explode.prefab using Guid(dec0a645588d04d8bb0ca99f70ffa743) Importer(815301076,1909f56bfc062723c751e8b465ee728b)  -> (artifact id: '47b9d7dff837bba3aa90c34411d02bff') in 0.021002 seconds 
  Import took 0.024815 seconds .

========================================================================
Received Import Request.
  Time since last request: 0.000244 seconds.
  path: Assets/LEGO/Prefabs/LEGO Behaviour Bricks/Random Trigger.prefab
  artifactKey: Guid(02e3db666d57540848263b70239df2a9) Importer(815301076,1909f56bfc062723c751e8b465ee728b)
Start importing Assets/LEGO/Prefabs/LEGO Behaviour Bricks/Random Trigger.prefab using Guid(02e3db666d57540848263b70239df2a9) Importer(815301076,1909f56bfc062723c751e8b465ee728b)  -> (artifact id: '96771eb6baaeec491fa402dd77731c6e') in 0.025907 seconds 
  Import took 0.030225 seconds .

========================================================================
Received Import Request.
  Time since last request: 0.000240 seconds.
  path: Assets/LEGO/Prefabs/LEGO Behaviour Bricks/Platform.prefab
  artifactKey: Guid(57247d92339f745738d099ab710462e5) Importer(815301076,1909f56bfc062723c751e8b465ee728b)
Start importing Assets/LEGO/Prefabs/LEGO Behaviour Bricks/Platform.prefab using Guid(57247d92339f745738d099ab710462e5) Importer(815301076,1909f56bfc062723c751e8b465ee728b)  -> (artifact id: '54e37114198a1f2e9d03efb85734e78f') in 0.018796 seconds 
  Import took 0.023285 seconds .

========================================================================
Received Import Request.
  Time since last request: 0.000323 seconds.
  path: Assets/LEGO/Prefabs/LEGO Behaviour Bricks/Input Trigger.prefab
  artifactKey: Guid(0e1bf072a3aa3894b938ebe6a19490c5) Importer(815301076,1909f56bfc062723c751e8b465ee728b)
Start importing Assets/LEGO/Prefabs/LEGO Behaviour Bricks/Input Trigger.prefab using Guid(0e1bf072a3aa3894b938ebe6a19490c5) Importer(815301076,1909f56bfc062723c751e8b465ee728b)  -> (artifact id: '185adbb3a67cdba713f0ec6a0ae1e410') in 0.047383 seconds 
  Import took 0.053033 seconds .

========================================================================
Received Import Request.
  Time since last request: 0.000204 seconds.
  path: Assets/LEGO/Prefabs/LEGO Behaviour Bricks/Speak.prefab
  artifactKey: Guid(d39f04291e3b341f78bf4cfa451accd7) Importer(815301076,1909f56bfc062723c751e8b465ee728b)
Start importing Assets/LEGO/Prefabs/LEGO Behaviour Bricks/Speak.prefab using Guid(d39f04291e3b341f78bf4cfa451accd7) Importer(815301076,1909f56bfc062723c751e8b465ee728b)  -> (artifact id: 'e28a2f76fb55fa6c14a605c9a6ac1d9a') in 0.066329 seconds 
  Import took 0.072759 seconds .

========================================================================
Received Import Request.
  Time since last request: 0.000205 seconds.
  path: Assets/LEGO/Prefabs/LEGO Behaviour Bricks/Audio.prefab
  artifactKey: Guid(2811b6b17136449a6b4e9b435ea8a3a1) Importer(815301076,1909f56bfc062723c751e8b465ee728b)
Start importing Assets/LEGO/Prefabs/LEGO Behaviour Bricks/Audio.prefab using Guid(2811b6b17136449a6b4e9b435ea8a3a1) Importer(815301076,1909f56bfc062723c751e8b465ee728b)  -> (artifact id: 'a8ccda405f72929220b115ef19792070') in 0.025589 seconds 
  Import took 0.031492 seconds .

========================================================================
Received Import Request.
  Time since last request: 0.000178 seconds.
  path: Assets/LEGO/Prefabs/LEGO Behaviour Bricks/Control.prefab
  artifactKey: Guid(30cbd9d88ad3ab74a88fe4f7b478c574) Importer(815301076,1909f56bfc062723c751e8b465ee728b)
Start importing Assets/LEGO/Prefabs/LEGO Behaviour Bricks/Control.prefab using Guid(30cbd9d88ad3ab74a88fe4f7b478c574) Importer(815301076,1909f56bfc062723c751e8b465ee728b)  -> (artifact id: 'fb3d49702a51ead48f135ed7c45f9f1d') in 0.035156 seconds 
  Import took 0.040724 seconds .

========================================================================
Received Import Request.
  Time since last request: 0.000227 seconds.
  path: Assets/LEGO/Prefabs/LEGO Behaviour Bricks/Rotate.prefab
  artifactKey: Guid(193f2c47f5132467f97398ef0049802e) Importer(815301076,1909f56bfc062723c751e8b465ee728b)
Start importing Assets/LEGO/Prefabs/LEGO Behaviour Bricks/Rotate.prefab using Guid(193f2c47f5132467f97398ef0049802e) Importer(815301076,1909f56bfc062723c751e8b465ee728b)  -> (artifact id: 'e1437d14f0e525eb012d9fb3b562952c') in 0.031683 seconds 
  Import took 0.039026 seconds .

========================================================================
Received Import Request.
  Time since last request: 0.000238 seconds.
  path: Assets/LEGO/Prefabs/LEGO Behaviour Bricks/One Button.prefab
  artifactKey: Guid(1f775bc2fdffc134e9c5098dc582ef5c) Importer(815301076,1909f56bfc062723c751e8b465ee728b)
Start importing Assets/LEGO/Prefabs/LEGO Behaviour Bricks/One Button.prefab using Guid(1f775bc2fdffc134e9c5098dc582ef5c) Importer(815301076,1909f56bfc062723c751e8b465ee728b)  -> (artifact id: 'd2d77b523b79f3f6f1137d58291afe3e') in 0.121487 seconds 
  Import took 0.126749 seconds .

========================================================================
Received Import Request.
  Time since last request: 0.000219 seconds.
  path: Assets/LEGO/Prefabs/LEGO Behaviour Bricks/Elevator.prefab
  artifactKey: Guid(498488446aa4c453ebfad8a187f1299a) Importer(815301076,1909f56bfc062723c751e8b465ee728b)
Start importing Assets/LEGO/Prefabs/LEGO Behaviour Bricks/Elevator.prefab using Guid(498488446aa4c453ebfad8a187f1299a) Importer(815301076,1909f56bfc062723c751e8b465ee728b)  -> (artifact id: 'e0a923572d8ac8e871169246a8e26f78') in 0.018198 seconds 
  Import took 0.022649 seconds .

========================================================================
Received Import Request.
  Time since last request: 0.000198 seconds.
  path: Assets/LEGO/Prefabs/LEGO Behaviour Bricks/Spawn.prefab
  artifactKey: Guid(2422d7b828ad14ec5b6ac73d80aeb92e) Importer(815301076,1909f56bfc062723c751e8b465ee728b)
Start importing Assets/LEGO/Prefabs/LEGO Behaviour Bricks/Spawn.prefab using Guid(2422d7b828ad14ec5b6ac73d80aeb92e) Importer(815301076,1909f56bfc062723c751e8b465ee728b)  -> (artifact id: '9441f4ae06db2cbe6f06d11c6b21966b') in 0.062348 seconds 
  Import took 0.069924 seconds .

========================================================================
Received Import Request.
  Time since last request: 0.000249 seconds.
  path: Assets/LEGO/Prefabs/LEGO Behaviour Bricks/Touch Trigger.prefab
  artifactKey: Guid(45a9e243fd71443c68c6819cdcac03de) Importer(815301076,1909f56bfc062723c751e8b465ee728b)
Start importing Assets/LEGO/Prefabs/LEGO Behaviour Bricks/Touch Trigger.prefab using Guid(45a9e243fd71443c68c6819cdcac03de) Importer(815301076,1909f56bfc062723c751e8b465ee728b)  -> (artifact id: '8e5015963d29804e31e1521f73113005') in 0.021582 seconds 
  Import took 0.026124 seconds .

========================================================================
Received Import Request.
  Time since last request: 0.000181 seconds.
  path: Assets/LEGO/Prefabs/LEGO Behaviour Bricks/Pickup Trigger.prefab
  artifactKey: Guid(4b2cfe96b53144070b342371e0a54a06) Importer(815301076,1909f56bfc062723c751e8b465ee728b)
Start importing Assets/LEGO/Prefabs/LEGO Behaviour Bricks/Pickup Trigger.prefab using Guid(4b2cfe96b53144070b342371e0a54a06) Importer(815301076,1909f56bfc062723c751e8b465ee728b)  -> (artifact id: '4d3396b1a2073e16ba6fbd91d5e8a4bd') in 0.026873 seconds 
  Import took 0.031418 seconds .

========================================================================
Received Import Request.
  Time since last request: 0.000188 seconds.
  path: Assets/LEGO/Prefabs/LEGO Behaviour Bricks/Hazard.prefab
  artifactKey: Guid(569d6da3692aa4c52814451a313b2732) Importer(815301076,1909f56bfc062723c751e8b465ee728b)
Start importing Assets/LEGO/Prefabs/LEGO Behaviour Bricks/Hazard.prefab using Guid(569d6da3692aa4c52814451a313b2732) Importer(815301076,1909f56bfc062723c751e8b465ee728b)  -> (artifact id: 'a76a849cffed44a023ab5f9f03977c2b') in 0.023564 seconds 
  Import took 0.028714 seconds .

========================================================================
Received Import Request.
  Time since last request: 0.000187 seconds.
  path: Assets/LEGO/Prefabs/LEGO Behaviour Bricks/Hover.prefab
  artifactKey: Guid(ce1b1c9a8d68741c194647bf16ba5e33) Importer(815301076,1909f56bfc062723c751e8b465ee728b)
Start importing Assets/LEGO/Prefabs/LEGO Behaviour Bricks/Hover.prefab using Guid(ce1b1c9a8d68741c194647bf16ba5e33) Importer(815301076,1909f56bfc062723c751e8b465ee728b)  -> (artifact id: '341279a8f976ad5038c10503edc358ef') in 0.023421 seconds 
  Import took 0.027815 seconds .

========================================================================
Received Import Request.
  Time since last request: 0.000208 seconds.
  path: Assets/LEGO/Prefabs/LEGO Behaviour Bricks/Timer Trigger.prefab
  artifactKey: Guid(ccb19a972be40420186b733280eba741) Importer(815301076,1909f56bfc062723c751e8b465ee728b)
Start importing Assets/LEGO/Prefabs/LEGO Behaviour Bricks/Timer Trigger.prefab using Guid(ccb19a972be40420186b733280eba741) Importer(815301076,1909f56bfc062723c751e8b465ee728b)  -> (artifact id: '991a1c49d7185e8e97ab8f915fb89870') in 0.022890 seconds 
  Import took 0.027205 seconds .

========================================================================
Received Import Request.
  Time since last request: 0.000177 seconds.
  path: Assets/LEGO/Prefabs/LEGO Behaviour Bricks/Move.prefab
  artifactKey: Guid(5f90c7d3098fc4659b7fc9bb45df5fa7) Importer(815301076,1909f56bfc062723c751e8b465ee728b)
Start importing Assets/LEGO/Prefabs/LEGO Behaviour Bricks/Move.prefab using Guid(5f90c7d3098fc4659b7fc9bb45df5fa7) Importer(815301076,1909f56bfc062723c751e8b465ee728b)  -> (artifact id: '9c6f50383930a5460e7821707a965ae8') in 0.023207 seconds 
  Import took 0.028291 seconds .

AssetImportWorkerClient::OnTransportError - code=2 error=End of file
